12:23:24 **** Build of configuration Debug for project chapter04 ****
make all 
Building file: ../main.cpp
Invoking: GCC C++ Compiler
g++ -O0 -g3 -Wall -c -fmessage-length=0 -MMD -MP -MF"main.d" -MT"main.o" -o "main.o" "../main.cpp"
Finished building: ../main.cpp
 
Building target: chapter04
Invoking: GCC C++ Linker
g++  -o "chapter04"  ./main.o   
Finished building target: chapter04
 
12:23:27 **** Incremental Build of configuration Debug for project chapter04 ****
make all 
make: Nothing to be done for 'all'.
12:23:41 **** Incremental Build of configuration Debug for project chapter04 ****
make all 
Building file: ../main.cpp
Invoking: GCC C++ Compiler
g++ -O0 -g3 -Wall -c -fmessage-length=0 -MMD -MP -MF"main.d" -MT"main.o" -o "main.o" "../main.cpp"
Finished building: ../main.cpp
 
Building target: chapter04
Invoking: GCC C++ Linker
g++  -o "chapter04"  ./main.o   
Finished building target: chapter04
 
